#
# There is insufficient memory for the Java Runtime Environment to continue.
# Native memory allocation (mmap) failed to map 132120576 bytes for G1 virtual space
# Possible reasons:
#   The system is out of physical RAM or swap space
#   The process is running with CompressedOops enabled, and the Java Heap may be blocking the growth of the native heap
# Possible solutions:
#   Reduce memory load on the system
#   Increase physical memory or swap space
#   Check if swap backing store is full
#   Decrease Java heap size (-Xmx/-Xms)
#   Decrease number of Java threads
#   Decrease Java thread stack sizes (-Xss)
#   Set larger code cache with -XX:ReservedCodeCacheSize=
#   JVM is running with Unscaled Compressed Oops mode in which the Java heap is
#     placed in the first 4GB address space. The Java Heap base address is the
#     maximum limit for the native heap growth. Please use -XX:HeapBaseMinAddress
#     to set the Java Heap base and to place the Java Heap above 4GB virtual address.
# This output file may be truncated or incomplete.
#
#  Out of Memory Error (os_windows.cpp:3466), pid=15596, tid=26192
#
# JRE version:  (16.0.1+9) (build )
# Java VM: Java HotSpot(TM) 64-Bit Server VM (16.0.1+9-24, mixed mode, sharing, tiered, compressed oops, compressed class ptrs, g1 gc, windows-amd64)
# No core dump will be written. Minidumps are not enabled by default on client versions of Windows
#

---------------  S U M M A R Y ------------

Command Line: -ea -Didea.test.cyclic.buffer.size=1048576 -javaagent:D:\Programs\JetBrains\IntelliJ IDEA Community Edition 2021.2\lib\idea_rt.jar=51374:D:\Programs\JetBrains\IntelliJ IDEA Community Edition 2021.2\bin -Dfile.encoding=UTF-8 com.intellij.rt.junit.JUnitStarter -ideVersion5 -junit5 @w@C:\Users\vimal\AppData\Local\Temp\idea_working_dirs_junit1.tmp @C:\Users\vimal\AppData\Local\Temp\idea_junit1.tmp -socket51373

Host: Intel(R) Core(TM) i5-9300H CPU @ 2.40GHz, 8 cores, 7G,  Windows 10 , 64 bit Build 19041 (10.0.19041.1202)
Time: Fri Oct  1 02:08:18 2021 India Standard Time elapsed time: 0.023453 seconds (0d 0h 0m 0s)

---------------  T H R E A D  ---------------

Current thread (0x000002da8c695d90):  JavaThread "Unknown thread" [_thread_in_vm, id=26192, stack(0x000000fee9700000,0x000000fee9800000)]

Stack: [0x000000fee9700000,0x000000fee9800000]
Native frames: (J=compiled Java code, j=interpreted, Vv=VM code, C=native code)
V  [jvm.dll+0x6687ca]
V  [jvm.dll+0x7ca3c9]
V  [jvm.dll+0x7cbb53]
V  [jvm.dll+0x7cc1b3]
V  [jvm.dll+0x242ea5]
V  [jvm.dll+0x665589]
V  [jvm.dll+0x65a175]
V  [jvm.dll+0x2fc5ab]
V  [jvm.dll+0x3037a6]
V  [jvm.dll+0x352fee]
V  [jvm.dll+0x35321f]
V  [jvm.dll+0x2d3618]
V  [jvm.dll+0x2d4854]
V  [jvm.dll+0x79ccb1]
V  [jvm.dll+0x360de1]
V  [jvm.dll+0x77a990]
V  [jvm.dll+0x3e55af]
V  [jvm.dll+0x3e7081]
C  [jli.dll+0x52fb]
C  [ucrtbase.dll+0x21bb2]
C  [KERNEL32.DLL+0x17034]
C  [ntdll.dll+0x52651]


---------------  P R O C E S S  ---------------

Threads class SMR info:
_java_thread_list=0x00007ff9ea8ccbb8, length=0, elements={
}

Java Threads: ( => current thread )

Other Threads:
  0x000002da8c6d6180 GCTaskThread "GC Thread#0" [stack: 0x000000fee9800000,0x000000fee9900000] [id=27020]
  0x000002da8c6e6e40 ConcurrentGCThread "G1 Main Marker" [stack: 0x000000fee9900000,0x000000fee9a00000] [id=28008]
  0x000002da8c6e9060 ConcurrentGCThread "G1 Conc#0" [stack: 0x000000fee9a00000,0x000000fee9b00000] [id=22896]

[error occurred during error reporting (printing all threads), id 0xc0000005, EXCEPTION_ACCESS_VIOLATION (0xc0000005) at pc=0x00007ff9ea0a44d7]

VM state: not at safepoint (not fully initialized)

VM Mutex/Monitor currently owned by a thread:  ([mutex/lock_event])
[0x000002da8c691ea0] Heap_lock - owner thread: 0x000002da8c695d90

Heap address: 0x0000000082400000, size: 2012 MB, Compressed Oops mode: 32-bit

CDS archive(s) mapped at: [0x0000000000000000-0x0000000000000000-0x0000000000000000), size 0, SharedBaseAddress: 0x0000000800000000, ArchiveRelocationMode: 0.
Narrow klass base: 0x0000000000000000, Narrow klass shift: 0, Narrow klass range: 0x0

GC Precious Log:
<Empty>

Heap:
 garbage-first heap   total 0K, used 0K [0x0000000082400000, 0x0000000100000000)
  region size 1024K, 0 young (0K), 0 survivors (0K)

[error occurred during error reporting (printing heap information), id 0xc0000005, EXCEPTION_ACCESS_VIOLATION (0xc0000005) at pc=0x00007ff9ea4824ed]

GC Heap History (0 events):
No events

Deoptimization events (0 events):
No events

Classes unloaded (0 events):
No events

Classes redefined (0 events):
No events

Internal exceptions (0 events):
No events

Events (1 events):
Event: 0.012 Loaded shared library C:\Program Files\Java\jdk-16.0.1\bin\java.dll


Dynamic libraries:
0x00007ff60a360000 - 0x00007ff60a370000 	C:\Program Files\Java\jdk-16.0.1\bin\java.exe
0x00007ffa38030000 - 0x00007ffa38225000 	C:\WINDOWS\SYSTEM32\ntdll.dll
0x00007ffa37f00000 - 0x00007ffa37fbe000 	C:\WINDOWS\System32\KERNEL32.DLL
0x00007ffa35af0000 - 0x00007ffa35db9000 	C:\WINDOWS\System32\KERNELBASE.dll
0x00007ffa35e20000 - 0x00007ffa35f20000 	C:\WINDOWS\System32\ucrtbase.dll
0x00007ffa2e5a0000 - 0x00007ffa2e5b8000 	C:\Program Files\Java\jdk-16.0.1\bin\jli.dll
0x00007ffa2e4a0000 - 0x00007ffa2e4b9000 	C:\Program Files\Java\jdk-16.0.1\bin\VCRUNTIME140.dll
0x00007ffa36ec0000 - 0x00007ffa36f6c000 	C:\WINDOWS\System32\ADVAPI32.dll
0x00007ffa37090000 - 0x00007ffa3712e000 	C:\WINDOWS\System32\msvcrt.dll
0x00007ffa362c0000 - 0x00007ffa3635b000 	C:\WINDOWS\System32\sechost.dll
0x00007ffa37870000 - 0x00007ffa3799a000 	C:\WINDOWS\System32\RPCRT4.dll
0x00007ffa36440000 - 0x00007ffa365e1000 	C:\WINDOWS\System32\USER32.dll
0x00007ffa262e0000 - 0x00007ffa2657a000 	C:\WINDOWS\WinSxS\amd64_microsoft.windows.common-controls_6595b64144ccf1df_6.0.19041.1110_none_60b5254171f9507e\COMCTL32.dll
0x00007ffa37fc0000 - 0x00007ffa37feb000 	C:\WINDOWS\System32\GDI32.dll
0x00007ffa35750000 - 0x00007ffa35772000 	C:\WINDOWS\System32\win32u.dll
0x00007ffa35f70000 - 0x00007ffa3607b000 	C:\WINDOWS\System32\gdi32full.dll
0x00007ffa35a50000 - 0x00007ffa35aed000 	C:\WINDOWS\System32\msvcp_win.dll
0x00007ffa2df60000 - 0x00007ffa2df6a000 	C:\WINDOWS\SYSTEM32\VERSION.dll
0x00007ffa37e20000 - 0x00007ffa37e50000 	C:\WINDOWS\System32\IMM32.DLL
0x00007ffa2ed10000 - 0x00007ffa2ed1c000 	C:\Program Files\Java\jdk-16.0.1\bin\vcruntime140_1.dll
0x00007ffa00930000 - 0x00007ffa009c1000 	C:\Program Files\Java\jdk-16.0.1\bin\msvcp140.dll
0x00007ff9e9dc0000 - 0x00007ff9ea96b000 	C:\Program Files\Java\jdk-16.0.1\bin\server\jvm.dll
0x00007ffa363c0000 - 0x00007ffa363c8000 	C:\WINDOWS\System32\PSAPI.DLL
0x00007ffa26ea0000 - 0x00007ffa26ea9000 	C:\WINDOWS\SYSTEM32\WSOCK32.dll
0x00007ffa27660000 - 0x00007ffa27687000 	C:\WINDOWS\SYSTEM32\WINMM.dll
0x00007ffa363d0000 - 0x00007ffa3643b000 	C:\WINDOWS\System32\WS2_32.dll
0x00007ffa34000000 - 0x00007ffa34012000 	C:\WINDOWS\SYSTEM32\kernel.appcore.dll
0x00007ffa2e650000 - 0x00007ffa2e65a000 	C:\Program Files\Java\jdk-16.0.1\bin\jimage.dll
0x00007ffa33550000 - 0x00007ffa33734000 	C:\WINDOWS\SYSTEM32\DBGHELP.DLL
0x00007ffa2d2a0000 - 0x00007ffa2d2cc000 	C:\WINDOWS\SYSTEM32\dbgcore.DLL
0x00007ffa35990000 - 0x00007ffa35a13000 	C:\WINDOWS\System32\bcryptPrimitives.dll
0x00007ffa23e30000 - 0x00007ffa23e3e000 	C:\Program Files\Java\jdk-16.0.1\bin\instrument.dll
0x00007ffa17ec0000 - 0x00007ffa17ee5000 	C:\Program Files\Java\jdk-16.0.1\bin\java.dll

dbghelp: loaded successfully - version: 4.0.5 - missing functions: none
symbol engine: initialized successfully - sym options: 0x614 - pdb path: .;C:\Program Files\Java\jdk-16.0.1\bin;C:\WINDOWS\SYSTEM32;C:\WINDOWS\WinSxS\amd64_microsoft.windows.common-controls_6595b64144ccf1df_6.0.19041.1110_none_60b5254171f9507e;C:\Program Files\Java\jdk-16.0.1\bin\server

VM Arguments:
jvm_args: -ea -Didea.test.cyclic.buffer.size=1048576 -javaagent:D:\Programs\JetBrains\IntelliJ IDEA Community Edition 2021.2\lib\idea_rt.jar=51374:D:\Programs\JetBrains\IntelliJ IDEA Community Edition 2021.2\bin -Dfile.encoding=UTF-8 
java_command: com.intellij.rt.junit.JUnitStarter -ideVersion5 -junit5 @w@C:\Users\vimal\AppData\Local\Temp\idea_working_dirs_junit1.tmp @C:\Users\vimal\AppData\Local\Temp\idea_junit1.tmp -socket51373
java_class_path (initial): D:\Programs\JetBrains\IntelliJ IDEA Community Edition 2021.2\lib\idea_rt.jar;C:\Users\vimal\.m2\repository\org\junit\platform\junit-platform-launcher\1.7.2\junit-platform-launcher-1.7.2.jar;C:\Users\vimal\.m2\repository\org\junit\vintage\junit-vintage-engine\5.7.2\junit-vintage-engine-5.7.2.jar;D:\Programs\JetBrains\IntelliJ IDEA Community Edition 2021.2\plugins\junit\lib\junit5-rt.jar;D:\Programs\JetBrains\IntelliJ IDEA Community Edition 2021.2\plugins\junit\lib\junit-rt.jar;D:\Projects\Springboot projs\assignment\target\test-classes;D:\Projects\Springboot projs\assignment\target\classes;C:\Users\vimal\.m2\repository\org\springframework\boot\spring-boot-starter-web\2.5.5\spring-boot-starter-web-2.5.5.jar;C:\Users\vimal\.m2\repository\org\springframework\boot\spring-boot-starter\2.5.5\spring-boot-starter-2.5.5.jar;C:\Users\vimal\.m2\repository\org\springframework\boot\spring-boot\2.5.5\spring-boot-2.5.5.jar;C:\Users\vimal\.m2\repository\org\springframework\boot\spring-boot-autoconfigure\2.5.5\spring-boot-autoconfigure-2.5.5.jar;C:\Users\vimal\.m2\repository\org\springframework\boot\spring-boot-starter-logging\2.5.5\spring-boot-starter-logging-2.5.5.jar;C:\Users\vimal\.m2\repository\ch\qos\logback\logback-classic\1.2.6\logback-classic-1.2.6.jar;C:\Users\vimal\.m2\repository\ch\qos\logback\logback-core\1.2.6\logback-core-1.2.6.jar;C:\Users\vimal\.m2\repository\org\apache\logging\log4j\log4j-to-slf4j\2.14.1\log4j-to-slf4j-2.14.1.jar;C:\Users\vimal\.m2\repository\org\apache\logging\log4j\log4j-api\2.14.1\log4j-api-2.14.1.jar;C:\Users\vimal\.m2\repository\org\slf4j\jul-to-slf4j\1.7.32\jul-to-slf4j-1.7.32.jar;C:\Users\vimal\.m2\repository\jakarta\annotation\jakarta.annotation-api\1.3.5\jakarta.annotation-api-1.3.5.jar;C:\Users\vimal\.m2\repository\org\yaml\snakeyaml\1.28\snakeyaml-1.28.jar;C:\Users\vimal\.m2\repository\org\springframework\boot\spring-boot-starter-json\2.5.5\spring-boot-starter-json-2.5.5.jar;C:\Users\vimal\.m2\repository\com\f
Launcher Type: SUN_STANDARD

[Global flags]
     intx CICompilerCount                          = 4                                         {product} {ergonomic}
     uint ConcGCThreads                            = 2                                         {product} {ergonomic}
     uint G1ConcRefinementThreads                  = 8                                         {product} {ergonomic}
   size_t G1HeapRegionSize                         = 1048576                                   {product} {ergonomic}
    uintx GCDrainStackTargetSize                   = 64                                        {product} {ergonomic}
   size_t InitialHeapSize                          = 132120576                                 {product} {ergonomic}
   size_t MarkStackSize                            = 4194304                                   {product} {ergonomic}
   size_t MaxHeapSize                              = 2109734912                                {product} {ergonomic}
   size_t MinHeapDeltaBytes                        = 1048576                                   {product} {ergonomic}
   size_t MinHeapSize                              = 8388608                                   {product} {ergonomic}
    uintx NonNMethodCodeHeapSize                   = 5839372                                {pd product} {ergonomic}
    uintx NonProfiledCodeHeapSize                  = 122909434                              {pd product} {ergonomic}
    uintx ProfiledCodeHeapSize                     = 122909434                              {pd product} {ergonomic}
    uintx ReservedCodeCacheSize                    = 251658240                              {pd product} {ergonomic}
     bool SegmentedCodeCache                       = true                                      {product} {ergonomic}
   size_t SoftMaxHeapSize                          = 2109734912                             {manageable} {ergonomic}
     bool UseCompressedClassPointers               = true                           {product lp64_product} {ergonomic}
     bool UseCompressedOops                        = true                           {product lp64_product} {ergonomic}
     bool UseG1GC                                  = true                                      {product} {ergonomic}
     bool UseLargePagesIndividualAllocation        = false                                  {pd product} {ergonomic}

Logging:
Log output configuration:
 #0: stdout all=warning uptime,level,tags
 #1: stderr all=off uptime,level,tags

Environment Variables:
PATH=C:\Program Files\Common Files\Oracle\Java\javapath;D:\Programs\Python\Python39\Scripts\;D:\Programs\Python\Python39\;C:\Windows\system32;C:\Windows;C:\Windows\System32\Wbem;C:\Windows\System32\WindowsPowerShell\v1.0\;C:\Windows\System32\OpenSSH\;C:\Program Files (x86)\NVIDIA Corporation\PhysX\Common;C:\Program Files\NVIDIA Corporation\NVIDIA NvDLISR;C:\Program Files (x86)\Intel\Intel(R) Management Engine Components\DAL;C:\Program Files\Intel\Intel(R) Management Engine Components\DAL;C:\Program Files\Intel\WiFi\bin\;C:\Program Files\Common Files\Intel\WirelessCommon\;C:\WINDOWS\system32;C:\WINDOWS;C:\WINDOWS\System32\Wbem;C:\WINDOWS\System32\WindowsPowerShell\v1.0\;C:\WINDOWS\System32\OpenSSH\;D:\Programs\nodejs\;D:\Programs\Git\cmd;C:\Program Files\MySQL\MySQL Shell 8.0\bin\;C:\Users\vimal\AppData\Local\Microsoft\WindowsApps;;D:\Programs\JetBrains\IntelliJ IDEA Community Edition 2021.2\bin;;D:\Programs\Microsoft VS Code\bin;C:\Users\vimal\AppData\Roaming\npm
USERNAME=vimal
OS=Windows_NT
PROCESSOR_IDENTIFIER=Intel64 Family 6 Model 158 Stepping 10, GenuineIntel



---------------  S Y S T E M  ---------------

OS:
 Windows 10 , 64 bit Build 19041 (10.0.19041.1202)
OS uptime: 13 days 1:16 hours

CPU: total 8 (initial active 8) (4 cores per cpu, 2 threads per core) family 6 model 158 stepping 10 microcode 0xca, cx8, cmov, fxsr, ht, mmx, 3dnowpref, sse, sse2, sse3, ssse3, sse4.1, sse4.2, popcnt, lzcnt, tsc, tscinvbit, avx, avx2, aes, erms, clmul, bmi1, bmi2, adx, fma, vzeroupper, clflush, clflushopt

Memory: 4k page, system-wide physical 8043M (528M free)
TotalPageFile size 24103M (AvailPageFile size 75M)
current process WorkingSet (physical memory assigned to process): 10M, peak: 10M
current process commit charge ("private bytes"): 60M, peak: 186M

vm_info: Java HotSpot(TM) 64-Bit Server VM (16.0.1+9-24) for windows-amd64 JRE (16.0.1+9-24), built on Mar 26 2021 19:31:42 by "mach5one" with MS VC++ 16.7 (VS2019)

END.
